{
  "stats": {
    "suites": 7,
    "tests": 7,
    "passes": 7,
    "pending": 0,
    "failures": 0,
    "start": "2021-03-10T04:07:59.574Z",
    "end": "2021-03-10T04:11:13.922Z",
    "duration": 81556,
    "testsRegistered": 7,
    "passPercent": 100,
    "pendingPercent": 0,
    "other": 0,
    "hasOther": false,
    "skipped": 0,
    "hasSkipped": false
  },
  "results": [
    {
      "uuid": "514da8ac-2ce4-4df5-a234-fcc75154197b",
      "title": "",
      "fullFile": "cypress/integration/e2etests/closeLegend.spec.js",
      "file": "cypress/integration/e2etests/closeLegend.spec.js",
      "beforeHooks": [],
      "afterHooks": [],
      "tests": [],
      "suites": [
        {
          "uuid": "df85dc89-18c9-4a71-864c-690aa4fc6582",
          "title": "Close legend on map",
          "fullFile": "",
          "file": "",
          "beforeHooks": [],
          "afterHooks": [],
          "tests": [
            {
              "title": "The legend icon is visible after the user closes legend on map",
              "fullTitle": "Close legend on map The legend icon is visible after the user closes legend on map",
              "timedOut": null,
              "duration": 9949,
              "state": "passed",
              "speed": "slow",
              "pass": true,
              "fail": false,
              "pending": false,
              "context": null,
              "code": "closeLegend.getCloseButton().should(\"be.visible\").eq(1).click({\n  force: true\n});\ncloseLegend.getLegendIcon().should(\"be.visible\");",
              "err": {},
              "uuid": "391ab080-9b9b-4e1b-8af6-f144ec7a84f1",
              "parentUUID": "df85dc89-18c9-4a71-864c-690aa4fc6582",
              "isHook": false,
              "skipped": false
            }
          ],
          "suites": [],
          "passes": ["391ab080-9b9b-4e1b-8af6-f144ec7a84f1"],
          "failures": [],
          "pending": [],
          "skipped": [],
          "duration": 9949,
          "root": false,
          "rootEmpty": false,
          "_timeout": 2000
        }
      ],
      "passes": [],
      "failures": [],
      "pending": [],
      "skipped": [],
      "duration": 0,
      "root": true,
      "rootEmpty": true,
      "_timeout": 2000
    },
    {
      "uuid": "857eb5a9-0a61-4d5b-b590-d89531a57f44",
      "title": "",
      "fullFile": "cypress/integration/e2etests/clusterOutage.spec.js",
      "file": "cypress/integration/e2etests/clusterOutage.spec.js",
      "beforeHooks": [],
      "afterHooks": [],
      "tests": [],
      "suites": [
        {
          "uuid": "19ee221c-111f-4e5f-a000-9695882a54e4",
          "title": "Click cluster to see outages",
          "fullFile": "",
          "file": "",
          "beforeHooks": [],
          "afterHooks": [],
          "tests": [
            {
              "title": "User can see outage icon after clicking cluster",
              "fullTitle": "Click cluster to see outages User can see outage icon after clicking cluster",
              "timedOut": null,
              "duration": 10112,
              "state": "passed",
              "speed": "slow",
              "pass": true,
              "fail": false,
              "pending": false,
              "context": null,
              "code": "outages.getCluster().eq(0).click({\n  force: true\n});\noutages.getOutages().should(\"have.attr\", \"alt\", \"outage icon\");\ncy.wait(2000);",
              "err": {},
              "uuid": "5bfb5537-41f7-42b9-a858-a1465f36d583",
              "parentUUID": "19ee221c-111f-4e5f-a000-9695882a54e4",
              "isHook": false,
              "skipped": false
            }
          ],
          "suites": [],
          "passes": ["5bfb5537-41f7-42b9-a858-a1465f36d583"],
          "failures": [],
          "pending": [],
          "skipped": [],
          "duration": 10112,
          "root": false,
          "rootEmpty": false,
          "_timeout": 2000
        }
      ],
      "passes": [],
      "failures": [],
      "pending": [],
      "skipped": [],
      "duration": 0,
      "root": true,
      "rootEmpty": true,
      "_timeout": 2000
    },
    {
      "uuid": "8b747359-fb3c-40b9-89db-8719c666f93b",
      "title": "",
      "fullFile": "cypress/integration/e2etests/menuSummary.spec.js",
      "file": "cypress/integration/e2etests/menuSummary.spec.js",
      "beforeHooks": [],
      "afterHooks": [],
      "tests": [],
      "suites": [
        {
          "uuid": "5a7d5a37-a9ce-4ec9-8a24-cb78c02ae879",
          "title": "View summary report in menu",
          "fullFile": "",
          "file": "",
          "beforeHooks": [],
          "afterHooks": [],
          "tests": [
            {
              "title": "User can view summary report after typing in a location",
              "fullTitle": "View summary report in menu User can view summary report after typing in a location",
              "timedOut": null,
              "duration": 15189,
              "state": "passed",
              "speed": "slow",
              "pass": true,
              "fail": false,
              "pending": false,
              "context": null,
              "code": "button(menuSummary.getMenuIcon(), 0);\nbutton(menuSummary.getSummaryButton(), 0);\nbutton(menuSummary.getViewZipcode(), 1);\ncy.wait(2000);\nmenuSummary.getRefineInput().click({\n  force: true\n}).type(_inputValues[\"default\"].zipcode).focus().blur();\nreportData(0, _inputValues[\"default\"].zipAndCity);\nreportData(1, _inputValues[\"default\"].customersAffected);\nreportData(2, _inputValues[\"default\"].customersServed);\nmenuSummary.getPanelFooter().contains(\"updated every 10 min\");",
              "err": {},
              "uuid": "724b3141-da86-4f83-975c-5ba756159254",
              "parentUUID": "5a7d5a37-a9ce-4ec9-8a24-cb78c02ae879",
              "isHook": false,
              "skipped": false
            }
          ],
          "suites": [],
          "passes": ["724b3141-da86-4f83-975c-5ba756159254"],
          "failures": [],
          "pending": [],
          "skipped": [],
          "duration": 15189,
          "root": false,
          "rootEmpty": false,
          "_timeout": 2000
        }
      ],
      "passes": [],
      "failures": [],
      "pending": [],
      "skipped": [],
      "duration": 0,
      "root": true,
      "rootEmpty": true,
      "_timeout": 2000
    },
    {
      "uuid": "d2c3a1d4-9110-4617-80b2-21653d706b55",
      "title": "",
      "fullFile": "cypress/integration/e2etests/searchAddress.spec.js",
      "file": "cypress/integration/e2etests/searchAddress.spec.js",
      "beforeHooks": [],
      "afterHooks": [],
      "tests": [],
      "suites": [
        {
          "uuid": "e21bd260-e768-40df-9114-6f2292631ed6",
          "title": "Search an address on the map",
          "fullFile": "",
          "file": "",
          "beforeHooks": [],
          "afterHooks": [],
          "tests": [
            {
              "title": "User can type and search for address on map",
              "fullTitle": "Search an address on the map User can type and search for address on map",
              "timedOut": null,
              "duration": 16994,
              "state": "passed",
              "speed": "slow",
              "pass": true,
              "fail": false,
              "pending": false,
              "context": null,
              "code": "icon(search.getSearchIcon());\nsearch.getAddressInput().click({\n  force: true\n}).type(_inputValues[\"default\"].searchAddress);\nsearch.getAddressList().contains(_inputValues[\"default\"].addressResult).click({\n  force: true\n});\ncy.wait(3000);\nicon(search.getPinpoint());\nsearch.getAddressDetails().should(\"contain\", _inputValues[\"default\"].addressDetails);",
              "err": {},
              "uuid": "8051ea7b-07eb-4f07-8d3a-e8e91a9e0bbb",
              "parentUUID": "e21bd260-e768-40df-9114-6f2292631ed6",
              "isHook": false,
              "skipped": false
            }
          ],
          "suites": [],
          "passes": ["8051ea7b-07eb-4f07-8d3a-e8e91a9e0bbb"],
          "failures": [],
          "pending": [],
          "skipped": [],
          "duration": 16994,
          "root": false,
          "rootEmpty": false,
          "_timeout": 2000
        }
      ],
      "passes": [],
      "failures": [],
      "pending": [],
      "skipped": [],
      "duration": 0,
      "root": true,
      "rootEmpty": true,
      "_timeout": 2000
    },
    {
      "uuid": "1d0624b3-8213-4112-8765-77f91f466e55",
      "title": "",
      "fullFile": "cypress/integration/e2etests/serviceTerritory.spec.js",
      "file": "cypress/integration/e2etests/serviceTerritory.spec.js",
      "beforeHooks": [],
      "afterHooks": [],
      "tests": [],
      "suites": [
        {
          "uuid": "505aea27-e98e-44f1-882e-f4e028bff33e",
          "title": "GPC Service Territory in map legend",
          "fullFile": "",
          "file": "",
          "beforeHooks": [],
          "afterHooks": [],
          "tests": [
            {
              "title": "User can check and uncheck GPC Service Territory on map legend",
              "fullTitle": "GPC Service Territory in map legend User can check and uncheck GPC Service Territory on map legend",
              "timedOut": null,
              "duration": 7656,
              "state": "passed",
              "speed": "slow",
              "pass": true,
              "fail": false,
              "pending": false,
              "context": null,
              "code": "if (serviceTerritory.getTerritoryCheckbox().should(\"be.checked\")) {\n  serviceTerritory.getTerritoryCheckbox().click({\n    force: true\n  });\n} else {}",
              "err": {},
              "uuid": "e0b5f5e5-5ad3-4b4d-a4fd-5fbae60c0aed",
              "parentUUID": "505aea27-e98e-44f1-882e-f4e028bff33e",
              "isHook": false,
              "skipped": false
            }
          ],
          "suites": [],
          "passes": ["e0b5f5e5-5ad3-4b4d-a4fd-5fbae60c0aed"],
          "failures": [],
          "pending": [],
          "skipped": [],
          "duration": 7656,
          "root": false,
          "rootEmpty": false,
          "_timeout": 2000
        }
      ],
      "passes": [],
      "failures": [],
      "pending": [],
      "skipped": [],
      "duration": 0,
      "root": true,
      "rootEmpty": true,
      "_timeout": 2000
    },
    {
      "uuid": "6cd6d706-9606-4b7e-b41e-65aecb091a6f",
      "title": "",
      "fullFile": "cypress/integration/e2etests/viewByCounty.spec.js",
      "file": "cypress/integration/e2etests/viewByCounty.spec.js",
      "beforeHooks": [],
      "afterHooks": [],
      "tests": [],
      "suites": [
        {
          "uuid": "983515e0-6325-40c4-9bbb-6be6c82e5d9b",
          "title": "View map by county",
          "fullFile": "",
          "file": "",
          "beforeHooks": [],
          "afterHooks": [],
          "tests": [
            {
              "title": "User can view by county on map",
              "fullTitle": "View map by county User can view by county on map",
              "timedOut": null,
              "duration": 11244,
              "state": "passed",
              "speed": "slow",
              "pass": true,
              "fail": false,
              "pending": false,
              "context": null,
              "code": "county.getViewByLocation().should(\"be.visible\").click({\n  force: true\n});\ncounty.getSelectionMenu().eq(1).contains(\"View by County\").click({\n  force: true\n});\ncy.wait(2000);\ncounty.getCounty().click(700, 520);\ncounty.getCountyInfo().should(\"contain\", \"BIBB County\");",
              "err": {},
              "uuid": "b1ee7d5c-1dfc-4ed7-99ee-7aebc379830a",
              "parentUUID": "983515e0-6325-40c4-9bbb-6be6c82e5d9b",
              "isHook": false,
              "skipped": false
            }
          ],
          "suites": [],
          "passes": ["b1ee7d5c-1dfc-4ed7-99ee-7aebc379830a"],
          "failures": [],
          "pending": [],
          "skipped": [],
          "duration": 11244,
          "root": false,
          "rootEmpty": false,
          "_timeout": 2000
        }
      ],
      "passes": [],
      "failures": [],
      "pending": [],
      "skipped": [],
      "duration": 0,
      "root": true,
      "rootEmpty": true,
      "_timeout": 2000
    },
    {
      "uuid": "d7e3f489-bd5c-442a-a6ee-5ac63e0e06cd",
      "title": "",
      "fullFile": "cypress/integration/e2etests/zoomMap.spec.js",
      "file": "cypress/integration/e2etests/zoomMap.spec.js",
      "beforeHooks": [],
      "afterHooks": [],
      "tests": [],
      "suites": [
        {
          "uuid": "77c19a19-3861-4d76-ad3a-8347dfd42b3e",
          "title": "Zoom into map",
          "fullFile": "",
          "file": "",
          "beforeHooks": [],
          "afterHooks": [],
          "tests": [
            {
              "title": "User can zoom map to 20km",
              "fullTitle": "Zoom into map User can zoom map to 20km",
              "timedOut": null,
              "duration": 10412,
              "state": "passed",
              "speed": "slow",
              "pass": true,
              "fail": false,
              "pending": false,
              "context": null,
              "code": "zoom.getZoomIcon().should(\"contain\", \"Map Zoom In\").click({\n  force: true\n});\ncy.wait(2000);\nzoom.getKm().contains(\"20 km\");",
              "err": {},
              "uuid": "fd669eca-4870-4e6f-97b6-2879a86e8e87",
              "parentUUID": "77c19a19-3861-4d76-ad3a-8347dfd42b3e",
              "isHook": false,
              "skipped": false
            }
          ],
          "suites": [],
          "passes": ["fd669eca-4870-4e6f-97b6-2879a86e8e87"],
          "failures": [],
          "pending": [],
          "skipped": [],
          "duration": 10412,
          "root": false,
          "rootEmpty": false,
          "_timeout": 2000
        }
      ],
      "passes": [],
      "failures": [],
      "pending": [],
      "skipped": [],
      "duration": 0,
      "root": true,
      "rootEmpty": true,
      "_timeout": 2000
    }
  ],
  "meta": {
    "mocha": {
      "version": "7.0.1"
    },
    "mochawesome": {
      "options": {
        "quiet": false,
        "reportFilename": "mochawesome",
        "saveHtml": false,
        "saveJson": true,
        "consoleReporter": "spec",
        "useInlineDiffs": false,
        "code": true
      },
      "version": "6.2.1"
    },
    "marge": {
      "options": {
        "overwrite": false,
        "html": false,
        "json": true,
        "timestamp": "mm-dd-yyyy_HH:MM:ss"
      },
      "version": "5.1.0"
    }
  }
}
