{
  "stats": {
    "suites": 1,
    "tests": 1,
    "passes": 1,
    "pending": 0,
    "failures": 0,
    "start": "2021-03-10T04:10:40.096Z",
    "end": "2021-03-10T04:10:51.479Z",
    "duration": 11383,
    "testsRegistered": 1,
    "passPercent": 100,
    "pendingPercent": 0,
    "other": 0,
    "hasOther": false,
    "skipped": 0,
    "hasSkipped": false
  },
  "results": [
    {
      "uuid": "6cd6d706-9606-4b7e-b41e-65aecb091a6f",
      "title": "",
      "fullFile": "cypress/integration/e2etests/viewByCounty.spec.js",
      "file": "cypress/integration/e2etests/viewByCounty.spec.js",
      "beforeHooks": [],
      "afterHooks": [],
      "tests": [],
      "suites": [
        {
          "uuid": "983515e0-6325-40c4-9bbb-6be6c82e5d9b",
          "title": "View map by county",
          "fullFile": "",
          "file": "",
          "beforeHooks": [],
          "afterHooks": [],
          "tests": [
            {
              "title": "User can view by county on map",
              "fullTitle": "View map by county User can view by county on map",
              "timedOut": null,
              "duration": 11244,
              "state": "passed",
              "speed": "slow",
              "pass": true,
              "fail": false,
              "pending": false,
              "context": null,
              "code": "county.getViewByLocation().should(\"be.visible\").click({\n  force: true\n});\ncounty.getSelectionMenu().eq(1).contains(\"View by County\").click({\n  force: true\n});\ncy.wait(2000);\ncounty.getCounty().click(700, 520);\ncounty.getCountyInfo().should(\"contain\", \"BIBB County\");",
              "err": {},
              "uuid": "b1ee7d5c-1dfc-4ed7-99ee-7aebc379830a",
              "parentUUID": "983515e0-6325-40c4-9bbb-6be6c82e5d9b",
              "isHook": false,
              "skipped": false
            }
          ],
          "suites": [],
          "passes": ["b1ee7d5c-1dfc-4ed7-99ee-7aebc379830a"],
          "failures": [],
          "pending": [],
          "skipped": [],
          "duration": 11244,
          "root": false,
          "rootEmpty": false,
          "_timeout": 2000
        }
      ],
      "passes": [],
      "failures": [],
      "pending": [],
      "skipped": [],
      "duration": 0,
      "root": true,
      "rootEmpty": true,
      "_timeout": 2000
    }
  ],
  "meta": {
    "mocha": {
      "version": "7.0.1"
    },
    "mochawesome": {
      "options": {
        "quiet": false,
        "reportFilename": "mochawesome",
        "saveHtml": false,
        "saveJson": true,
        "consoleReporter": "spec",
        "useInlineDiffs": false,
        "code": true
      },
      "version": "6.2.1"
    },
    "marge": {
      "options": {
        "overwrite": false,
        "html": false,
        "json": true,
        "timestamp": "mm-dd-yyyy_HH:MM:ss"
      },
      "version": "5.1.0"
    }
  }
}
