{
  "stats": {
    "suites": 1,
    "tests": 1,
    "passes": 1,
    "pending": 0,
    "failures": 0,
    "start": "2021-03-10T04:09:00.941Z",
    "end": "2021-03-10T04:09:16.599Z",
    "duration": 15658,
    "testsRegistered": 1,
    "passPercent": 100,
    "pendingPercent": 0,
    "other": 0,
    "hasOther": false,
    "skipped": 0,
    "hasSkipped": false
  },
  "results": [
    {
      "uuid": "8b747359-fb3c-40b9-89db-8719c666f93b",
      "title": "",
      "fullFile": "cypress/integration/e2etests/menuSummary.spec.js",
      "file": "cypress/integration/e2etests/menuSummary.spec.js",
      "beforeHooks": [],
      "afterHooks": [],
      "tests": [],
      "suites": [
        {
          "uuid": "5a7d5a37-a9ce-4ec9-8a24-cb78c02ae879",
          "title": "View summary report in menu",
          "fullFile": "",
          "file": "",
          "beforeHooks": [],
          "afterHooks": [],
          "tests": [
            {
              "title": "User can view summary report after typing in a location",
              "fullTitle": "View summary report in menu User can view summary report after typing in a location",
              "timedOut": null,
              "duration": 15189,
              "state": "passed",
              "speed": "slow",
              "pass": true,
              "fail": false,
              "pending": false,
              "context": null,
              "code": "button(menuSummary.getMenuIcon(), 0);\nbutton(menuSummary.getSummaryButton(), 0);\nbutton(menuSummary.getViewZipcode(), 1);\ncy.wait(2000);\nmenuSummary.getRefineInput().click({\n  force: true\n}).type(_inputValues[\"default\"].zipcode).focus().blur();\nreportData(0, _inputValues[\"default\"].zipAndCity);\nreportData(1, _inputValues[\"default\"].customersAffected);\nreportData(2, _inputValues[\"default\"].customersServed);\nmenuSummary.getPanelFooter().contains(\"updated every 10 min\");",
              "err": {},
              "uuid": "724b3141-da86-4f83-975c-5ba756159254",
              "parentUUID": "5a7d5a37-a9ce-4ec9-8a24-cb78c02ae879",
              "isHook": false,
              "skipped": false
            }
          ],
          "suites": [],
          "passes": ["724b3141-da86-4f83-975c-5ba756159254"],
          "failures": [],
          "pending": [],
          "skipped": [],
          "duration": 15189,
          "root": false,
          "rootEmpty": false,
          "_timeout": 2000
        }
      ],
      "passes": [],
      "failures": [],
      "pending": [],
      "skipped": [],
      "duration": 0,
      "root": true,
      "rootEmpty": true,
      "_timeout": 2000
    }
  ],
  "meta": {
    "mocha": {
      "version": "7.0.1"
    },
    "mochawesome": {
      "options": {
        "quiet": false,
        "reportFilename": "mochawesome",
        "saveHtml": false,
        "saveJson": true,
        "consoleReporter": "spec",
        "useInlineDiffs": false,
        "code": true
      },
      "version": "6.2.1"
    },
    "marge": {
      "options": {
        "overwrite": false,
        "html": false,
        "json": true,
        "timestamp": "mm-dd-yyyy_HH:MM:ss"
      },
      "version": "5.1.0"
    }
  }
}
