{
  "stats": {
    "suites": 1,
    "tests": 1,
    "passes": 1,
    "pending": 0,
    "failures": 0,
    "start": "2021-03-16T00:57:05.060Z",
    "end": "2021-03-16T00:57:16.609Z",
    "duration": 11549,
    "testsRegistered": 1,
    "passPercent": 100,
    "pendingPercent": 0,
    "other": 0,
    "hasOther": false,
    "skipped": 0,
    "hasSkipped": false
  },
  "results": [
    {
      "uuid": "62c8afd9-2a41-4529-8730-9752f0d725ed",
      "title": "",
      "fullFile": "cypress/integration/e2etests/searchAddress.spec.js",
      "file": "cypress/integration/e2etests/searchAddress.spec.js",
      "beforeHooks": [],
      "afterHooks": [],
      "tests": [],
      "suites": [
        {
          "uuid": "3b04bcac-f92e-43cb-8751-7290e00171b8",
          "title": "Search an address on the map",
          "fullFile": "",
          "file": "",
          "beforeHooks": [],
          "afterHooks": [],
          "tests": [
            {
              "title": "User can type and search for address on map",
              "fullTitle": "Search an address on the map User can type and search for address on map",
              "timedOut": null,
              "duration": 11232,
              "state": "passed",
              "speed": "slow",
              "pass": true,
              "fail": false,
              "pending": false,
              "context": null,
              "code": "icon(search.getSearchIcon());\nsearch.getAddressInput().click({\n  force: true\n}).type(_inputValues[\"default\"].searchAddress);\nsearch.getAddressList().contains(_inputValues[\"default\"].addressResult).click({\n  force: true\n});\ncy.wait(3000);\nicon(search.getPinpoint());\nsearch.getAddressDetails().should(\"contain\", _inputValues[\"default\"].addressDetails);",
              "err": {},
              "uuid": "e7b562a3-cdcf-4cd9-aa0b-2908878f679a",
              "parentUUID": "3b04bcac-f92e-43cb-8751-7290e00171b8",
              "isHook": false,
              "skipped": false
            }
          ],
          "suites": [],
          "passes": ["e7b562a3-cdcf-4cd9-aa0b-2908878f679a"],
          "failures": [],
          "pending": [],
          "skipped": [],
          "duration": 11232,
          "root": false,
          "rootEmpty": false,
          "_timeout": 2000
        }
      ],
      "passes": [],
      "failures": [],
      "pending": [],
      "skipped": [],
      "duration": 0,
      "root": true,
      "rootEmpty": true,
      "_timeout": 2000
    }
  ],
  "meta": {
    "mocha": {
      "version": "7.0.1"
    },
    "mochawesome": {
      "options": {
        "quiet": false,
        "reportFilename": "mochawesome",
        "saveHtml": false,
        "saveJson": true,
        "consoleReporter": "spec",
        "useInlineDiffs": false,
        "code": true
      },
      "version": "6.2.1"
    },
    "marge": {
      "options": {
        "overwrite": false,
        "html": false,
        "json": true,
        "timestamp": "mm-dd-yyyy_HH:MM:ss"
      },
      "version": "5.1.0"
    }
  }
}
