{
  "stats": {
    "suites": 1,
    "tests": 1,
    "passes": 1,
    "pending": 0,
    "failures": 0,
    "start": "2021-03-10T04:10:16.683Z",
    "end": "2021-03-10T04:10:24.508Z",
    "duration": 7825,
    "testsRegistered": 1,
    "passPercent": 100,
    "pendingPercent": 0,
    "other": 0,
    "hasOther": false,
    "skipped": 0,
    "hasSkipped": false
  },
  "results": [
    {
      "uuid": "1d0624b3-8213-4112-8765-77f91f466e55",
      "title": "",
      "fullFile": "cypress/integration/e2etests/serviceTerritory.spec.js",
      "file": "cypress/integration/e2etests/serviceTerritory.spec.js",
      "beforeHooks": [],
      "afterHooks": [],
      "tests": [],
      "suites": [
        {
          "uuid": "505aea27-e98e-44f1-882e-f4e028bff33e",
          "title": "GPC Service Territory in map legend",
          "fullFile": "",
          "file": "",
          "beforeHooks": [],
          "afterHooks": [],
          "tests": [
            {
              "title": "User can check and uncheck GPC Service Territory on map legend",
              "fullTitle": "GPC Service Territory in map legend User can check and uncheck GPC Service Territory on map legend",
              "timedOut": null,
              "duration": 7656,
              "state": "passed",
              "speed": "slow",
              "pass": true,
              "fail": false,
              "pending": false,
              "context": null,
              "code": "if (serviceTerritory.getTerritoryCheckbox().should(\"be.checked\")) {\n  serviceTerritory.getTerritoryCheckbox().click({\n    force: true\n  });\n} else {}",
              "err": {},
              "uuid": "e0b5f5e5-5ad3-4b4d-a4fd-5fbae60c0aed",
              "parentUUID": "505aea27-e98e-44f1-882e-f4e028bff33e",
              "isHook": false,
              "skipped": false
            }
          ],
          "suites": [],
          "passes": ["e0b5f5e5-5ad3-4b4d-a4fd-5fbae60c0aed"],
          "failures": [],
          "pending": [],
          "skipped": [],
          "duration": 7656,
          "root": false,
          "rootEmpty": false,
          "_timeout": 2000
        }
      ],
      "passes": [],
      "failures": [],
      "pending": [],
      "skipped": [],
      "duration": 0,
      "root": true,
      "rootEmpty": true,
      "_timeout": 2000
    }
  ],
  "meta": {
    "mocha": {
      "version": "7.0.1"
    },
    "mochawesome": {
      "options": {
        "quiet": false,
        "reportFilename": "mochawesome",
        "saveHtml": false,
        "saveJson": true,
        "consoleReporter": "spec",
        "useInlineDiffs": false,
        "code": true
      },
      "version": "6.2.1"
    },
    "marge": {
      "options": {
        "overwrite": false,
        "html": false,
        "json": true,
        "timestamp": "mm-dd-yyyy_HH:MM:ss"
      },
      "version": "5.1.0"
    }
  }
}
