{
  "stats": {
    "suites": 1,
    "tests": 1,
    "passes": 1,
    "pending": 0,
    "failures": 0,
    "start": "2021-03-10T04:11:02.941Z",
    "end": "2021-03-10T04:11:13.922Z",
    "duration": 10981,
    "testsRegistered": 1,
    "passPercent": 100,
    "pendingPercent": 0,
    "other": 0,
    "hasOther": false,
    "skipped": 0,
    "hasSkipped": false
  },
  "results": [
    {
      "uuid": "d7e3f489-bd5c-442a-a6ee-5ac63e0e06cd",
      "title": "",
      "fullFile": "cypress/integration/e2etests/zoomMap.spec.js",
      "file": "cypress/integration/e2etests/zoomMap.spec.js",
      "beforeHooks": [],
      "afterHooks": [],
      "tests": [],
      "suites": [
        {
          "uuid": "77c19a19-3861-4d76-ad3a-8347dfd42b3e",
          "title": "Zoom into map",
          "fullFile": "",
          "file": "",
          "beforeHooks": [],
          "afterHooks": [],
          "tests": [
            {
              "title": "User can zoom map to 20km",
              "fullTitle": "Zoom into map User can zoom map to 20km",
              "timedOut": null,
              "duration": 10412,
              "state": "passed",
              "speed": "slow",
              "pass": true,
              "fail": false,
              "pending": false,
              "context": null,
              "code": "zoom.getZoomIcon().should(\"contain\", \"Map Zoom In\").click({\n  force: true\n});\ncy.wait(2000);\nzoom.getKm().contains(\"20 km\");",
              "err": {},
              "uuid": "fd669eca-4870-4e6f-97b6-2879a86e8e87",
              "parentUUID": "77c19a19-3861-4d76-ad3a-8347dfd42b3e",
              "isHook": false,
              "skipped": false
            }
          ],
          "suites": [],
          "passes": ["fd669eca-4870-4e6f-97b6-2879a86e8e87"],
          "failures": [],
          "pending": [],
          "skipped": [],
          "duration": 10412,
          "root": false,
          "rootEmpty": false,
          "_timeout": 2000
        }
      ],
      "passes": [],
      "failures": [],
      "pending": [],
      "skipped": [],
      "duration": 0,
      "root": true,
      "rootEmpty": true,
      "_timeout": 2000
    }
  ],
  "meta": {
    "mocha": {
      "version": "7.0.1"
    },
    "mochawesome": {
      "options": {
        "quiet": false,
        "reportFilename": "mochawesome",
        "saveHtml": false,
        "saveJson": true,
        "consoleReporter": "spec",
        "useInlineDiffs": false,
        "code": true
      },
      "version": "6.2.1"
    },
    "marge": {
      "options": {
        "overwrite": false,
        "html": false,
        "json": true,
        "timestamp": "mm-dd-yyyy_HH:MM:ss"
      },
      "version": "5.1.0"
    }
  }
}
