{
  "stats": {
    "suites": 1,
    "tests": 1,
    "passes": 1,
    "pending": 0,
    "failures": 0,
    "start": "2021-03-11T03:06:06.088Z",
    "end": "2021-03-11T03:06:14.868Z",
    "duration": 8780,
    "testsRegistered": 1,
    "passPercent": 100,
    "pendingPercent": 0,
    "other": 0,
    "hasOther": false,
    "skipped": 0,
    "hasSkipped": false
  },
  "results": [
    {
      "uuid": "3a0a2222-9a86-4251-bf0b-82d5bd34c6e3",
      "title": "",
      "fullFile": "cypress/integration/e2etests/clusterOutage.spec.js",
      "file": "cypress/integration/e2etests/clusterOutage.spec.js",
      "beforeHooks": [],
      "afterHooks": [],
      "tests": [],
      "suites": [
        {
          "uuid": "4ccb4f0d-a6f2-431f-991e-12b88c2aad21",
          "title": "Click cluster to see outages",
          "fullFile": "",
          "file": "",
          "beforeHooks": [],
          "afterHooks": [],
          "tests": [
            {
              "title": "User can see outage icon after clicking cluster",
              "fullTitle": "Click cluster to see outages User can see outage icon after clicking cluster",
              "timedOut": null,
              "duration": 8730,
              "state": "passed",
              "speed": "slow",
              "pass": true,
              "fail": false,
              "pending": false,
              "context": null,
              "code": "outages.getCluster().eq(0).click({\n  force: true\n});\noutages.getOutages().should(\"have.attr\", \"alt\", \"outage icon\");\ncy.wait(2000);",
              "err": {},
              "uuid": "54f097fd-fa81-4f0c-99c6-7b8e7d5e0c3d",
              "parentUUID": "4ccb4f0d-a6f2-431f-991e-12b88c2aad21",
              "isHook": false,
              "skipped": false
            }
          ],
          "suites": [],
          "passes": ["54f097fd-fa81-4f0c-99c6-7b8e7d5e0c3d"],
          "failures": [],
          "pending": [],
          "skipped": [],
          "duration": 8730,
          "root": false,
          "rootEmpty": false,
          "_timeout": 2000
        }
      ],
      "passes": [],
      "failures": [],
      "pending": [],
      "skipped": [],
      "duration": 0,
      "root": true,
      "rootEmpty": true,
      "_timeout": 2000
    }
  ],
  "meta": {
    "mocha": {
      "version": "7.0.1"
    },
    "mochawesome": {
      "options": {
        "quiet": false,
        "reportFilename": "mochawesome",
        "saveHtml": false,
        "saveJson": true,
        "consoleReporter": "spec",
        "useInlineDiffs": false,
        "code": true
      },
      "version": "6.2.1"
    },
    "marge": {
      "options": {
        "overwrite": false,
        "html": false,
        "json": true,
        "timestamp": "mm-dd-yyyy_HH:MM:ss"
      },
      "version": "5.1.0"
    }
  }
}
