{
  "stats": {
    "suites": 1,
    "tests": 1,
    "passes": 1,
    "pending": 0,
    "failures": 0,
    "start": "2021-03-10T03:42:37.883Z",
    "end": "2021-03-10T03:42:46.465Z",
    "duration": 8582,
    "testsRegistered": 1,
    "passPercent": 100,
    "pendingPercent": 0,
    "other": 0,
    "hasOther": false,
    "skipped": 0,
    "hasSkipped": false
  },
  "results": [
    {
      "uuid": "01abe633-2f4c-49f3-8e63-2d288ce6c955",
      "title": "",
      "fullFile": "cypress/integration/e2etests/closeLegend.spec.js",
      "file": "cypress/integration/e2etests/closeLegend.spec.js",
      "beforeHooks": [],
      "afterHooks": [],
      "tests": [],
      "suites": [
        {
          "uuid": "a8708933-5fc8-465b-bee6-30bcfa85127c",
          "title": "Close legend on map",
          "fullFile": "",
          "file": "",
          "beforeHooks": [],
          "afterHooks": [],
          "tests": [
            {
              "title": "The legend icon is visible after the user closes legend on map",
              "fullTitle": "Close legend on map The legend icon is visible after the user closes legend on map",
              "timedOut": null,
              "duration": 8444,
              "state": "passed",
              "speed": "slow",
              "pass": true,
              "fail": false,
              "pending": false,
              "context": null,
              "code": "closeLegend.getCloseButton().should(\"be.visible\").eq(1).click({\n  force: true\n});\ncloseLegend.getLegendIcon().should(\"be.visible\");",
              "err": {},
              "uuid": "835b3a19-cfb4-46fa-9f08-8f64e83e6515",
              "parentUUID": "a8708933-5fc8-465b-bee6-30bcfa85127c",
              "isHook": false,
              "skipped": false
            }
          ],
          "suites": [],
          "passes": ["835b3a19-cfb4-46fa-9f08-8f64e83e6515"],
          "failures": [],
          "pending": [],
          "skipped": [],
          "duration": 8444,
          "root": false,
          "rootEmpty": false,
          "_timeout": 2000
        }
      ],
      "passes": [],
      "failures": [],
      "pending": [],
      "skipped": [],
      "duration": 0,
      "root": true,
      "rootEmpty": true,
      "_timeout": 2000
    }
  ],
  "meta": {
    "mocha": {
      "version": "7.0.1"
    },
    "mochawesome": {
      "options": {
        "quiet": false,
        "reportFilename": "mochawesome",
        "saveHtml": false,
        "saveJson": true,
        "consoleReporter": "spec",
        "useInlineDiffs": false,
        "code": true
      },
      "version": "6.2.1"
    },
    "marge": {
      "options": {
        "overwrite": false,
        "html": false,
        "json": true,
        "timestamp": "mm-dd-yyyy_HH:MM:ss"
      },
      "version": "5.1.0"
    }
  }
}
