{
  "stats": {
    "suites": 1,
    "tests": 1,
    "passes": 1,
    "pending": 0,
    "failures": 0,
    "start": "2021-03-10T03:43:00.460Z",
    "end": "2021-03-10T03:43:09.582Z",
    "duration": 9122,
    "testsRegistered": 1,
    "passPercent": 100,
    "pendingPercent": 0,
    "other": 0,
    "hasOther": false,
    "skipped": 0,
    "hasSkipped": false
  },
  "results": [
    {
      "uuid": "1b563bac-fd97-49bb-98a6-70f329e78746",
      "title": "",
      "fullFile": "cypress/integration/e2etests/clusterOutage.spec.js",
      "file": "cypress/integration/e2etests/clusterOutage.spec.js",
      "beforeHooks": [],
      "afterHooks": [],
      "tests": [],
      "suites": [
        {
          "uuid": "761d28d4-6738-44cd-b7cd-0bff6c76359f",
          "title": "Click cluster to see outages",
          "fullFile": "",
          "file": "",
          "beforeHooks": [],
          "afterHooks": [],
          "tests": [
            {
              "title": "User can see outage icon after clicking cluster",
              "fullTitle": "Click cluster to see outages User can see outage icon after clicking cluster",
              "timedOut": null,
              "duration": 8975,
              "state": "passed",
              "speed": "slow",
              "pass": true,
              "fail": false,
              "pending": false,
              "context": null,
              "code": "outages.getCluster().eq(0).click({\n  force: true\n});\noutages.getOutages().should(\"have.attr\", \"alt\", \"outage icon\");\ncy.wait(2000);",
              "err": {},
              "uuid": "fd2d2352-357e-463e-bcd2-d7eb5ac1cf86",
              "parentUUID": "761d28d4-6738-44cd-b7cd-0bff6c76359f",
              "isHook": false,
              "skipped": false
            }
          ],
          "suites": [],
          "passes": ["fd2d2352-357e-463e-bcd2-d7eb5ac1cf86"],
          "failures": [],
          "pending": [],
          "skipped": [],
          "duration": 8975,
          "root": false,
          "rootEmpty": false,
          "_timeout": 2000
        }
      ],
      "passes": [],
      "failures": [],
      "pending": [],
      "skipped": [],
      "duration": 0,
      "root": true,
      "rootEmpty": true,
      "_timeout": 2000
    }
  ],
  "meta": {
    "mocha": {
      "version": "7.0.1"
    },
    "mochawesome": {
      "options": {
        "quiet": false,
        "reportFilename": "mochawesome",
        "saveHtml": false,
        "saveJson": true,
        "consoleReporter": "spec",
        "useInlineDiffs": false,
        "code": true
      },
      "version": "6.2.1"
    },
    "marge": {
      "options": {
        "overwrite": false,
        "html": false,
        "json": true,
        "timestamp": "mm-dd-yyyy_HH:MM:ss"
      },
      "version": "5.1.0"
    }
  }
}
