{
  "stats": {
    "suites": 1,
    "tests": 1,
    "passes": 1,
    "pending": 0,
    "failures": 0,
    "start": "2021-03-10T04:07:59.574Z",
    "end": "2021-03-10T04:08:10.129Z",
    "duration": 10555,
    "testsRegistered": 1,
    "passPercent": 100,
    "pendingPercent": 0,
    "other": 0,
    "hasOther": false,
    "skipped": 0,
    "hasSkipped": false
  },
  "results": [
    {
      "uuid": "514da8ac-2ce4-4df5-a234-fcc75154197b",
      "title": "",
      "fullFile": "cypress/integration/e2etests/closeLegend.spec.js",
      "file": "cypress/integration/e2etests/closeLegend.spec.js",
      "beforeHooks": [],
      "afterHooks": [],
      "tests": [],
      "suites": [
        {
          "uuid": "df85dc89-18c9-4a71-864c-690aa4fc6582",
          "title": "Close legend on map",
          "fullFile": "",
          "file": "",
          "beforeHooks": [],
          "afterHooks": [],
          "tests": [
            {
              "title": "The legend icon is visible after the user closes legend on map",
              "fullTitle": "Close legend on map The legend icon is visible after the user closes legend on map",
              "timedOut": null,
              "duration": 9949,
              "state": "passed",
              "speed": "slow",
              "pass": true,
              "fail": false,
              "pending": false,
              "context": null,
              "code": "closeLegend.getCloseButton().should(\"be.visible\").eq(1).click({\n  force: true\n});\ncloseLegend.getLegendIcon().should(\"be.visible\");",
              "err": {},
              "uuid": "391ab080-9b9b-4e1b-8af6-f144ec7a84f1",
              "parentUUID": "df85dc89-18c9-4a71-864c-690aa4fc6582",
              "isHook": false,
              "skipped": false
            }
          ],
          "suites": [],
          "passes": ["391ab080-9b9b-4e1b-8af6-f144ec7a84f1"],
          "failures": [],
          "pending": [],
          "skipped": [],
          "duration": 9949,
          "root": false,
          "rootEmpty": false,
          "_timeout": 2000
        }
      ],
      "passes": [],
      "failures": [],
      "pending": [],
      "skipped": [],
      "duration": 0,
      "root": true,
      "rootEmpty": true,
      "_timeout": 2000
    }
  ],
  "meta": {
    "mocha": {
      "version": "7.0.1"
    },
    "mochawesome": {
      "options": {
        "quiet": false,
        "reportFilename": "mochawesome",
        "saveHtml": false,
        "saveJson": true,
        "consoleReporter": "spec",
        "useInlineDiffs": false,
        "code": true
      },
      "version": "6.2.1"
    },
    "marge": {
      "options": {
        "overwrite": false,
        "html": false,
        "json": true,
        "timestamp": "mm-dd-yyyy_HH:MM:ss"
      },
      "version": "5.1.0"
    }
  }
}
