{
  "stats": {
    "suites": 1,
    "tests": 1,
    "passes": 0,
    "pending": 0,
    "failures": 1,
    "start": "2021-03-16T00:56:43.212Z",
    "end": "2021-03-16T00:56:58.025Z",
    "duration": 14813,
    "testsRegistered": 1,
    "passPercent": 0,
    "pendingPercent": 0,
    "other": 0,
    "hasOther": false,
    "skipped": 0,
    "hasSkipped": false
  },
  "results": [
    {
      "uuid": "0f4e5785-4b57-42d9-8b15-5a67d34ff401",
      "title": "",
      "fullFile": "cypress/integration/e2etests/menuSummary.spec.js",
      "file": "cypress/integration/e2etests/menuSummary.spec.js",
      "beforeHooks": [],
      "afterHooks": [],
      "tests": [],
      "suites": [
        {
          "uuid": "ea032843-5224-49ad-bf28-3002aec12fcc",
          "title": "View summary report in menu",
          "fullFile": "",
          "file": "",
          "beforeHooks": [],
          "afterHooks": [],
          "tests": [
            {
              "title": "User can view summary report after typing in a location",
              "fullTitle": "View summary report in menu User can view summary report after typing in a location",
              "timedOut": null,
              "duration": 14627,
              "state": "failed",
              "speed": null,
              "pass": false,
              "fail": true,
              "pending": false,
              "context": "\"/home/docker/outage-map/cypresse2e/mochawesome-report/e2etests/menuSummary.spec.js/View summary report in menu -- User can view summary report after typing in a location (failed).png\"",
              "code": "button(menuSummary.getMenuIcon(), 0);\nbutton(menuSummary.getSummaryButton(), 0);\nbutton(menuSummary.getViewZipcode(), 1);\ncy.wait(2000);\nmenuSummary.getRefineInput().click({\n  force: true\n}).type(_inputValues[\"default\"].zipcode).focus().blur();\nreportData(0, _inputValues[\"default\"].zipAndCity);\nreportData(1, _inputValues[\"default\"].customersAffected);\nreportData(2, _inputValues[\"default\"].customersServed);\nmenuSummary.getPanelFooter().contains(\"updated every 10 min\");",
              "err": {
                "message": "AssertionError: Timed out retrying after 4000ms: Expected to find content: '4,394' within the element: <div.ReactVirtualized__Table__rowColumn.cust-s.hidden-lt-tablet> but never did.",
                "estack": "AssertionError: Timed out retrying after 4000ms: Expected to find content: '4,394' within the element: <div.ReactVirtualized__Table__rowColumn.cust-s.hidden-lt-tablet> but never did.\n    at reportData (https://outagemap.georgiapower.com/__cypress/tests?p=cypress/integration/e2etests/menuSummary.spec.js:230:42)\n    at Context.eval (https://outagemap.georgiapower.com/__cypress/tests?p=cypress/integration/e2etests/menuSummary.spec.js:219:5)",
                "diff": null
              },
              "uuid": "663bcaa0-2c8f-4d35-bed0-1fe5a91beba3",
              "parentUUID": "ea032843-5224-49ad-bf28-3002aec12fcc",
              "isHook": false,
              "skipped": false
            }
          ],
          "suites": [],
          "passes": [],
          "failures": ["663bcaa0-2c8f-4d35-bed0-1fe5a91beba3"],
          "pending": [],
          "skipped": [],
          "duration": 14627,
          "root": false,
          "rootEmpty": false,
          "_timeout": 2000
        }
      ],
      "passes": [],
      "failures": [],
      "pending": [],
      "skipped": [],
      "duration": 0,
      "root": true,
      "rootEmpty": true,
      "_timeout": 2000
    }
  ],
  "meta": {
    "mocha": {
      "version": "7.0.1"
    },
    "mochawesome": {
      "options": {
        "quiet": false,
        "reportFilename": "mochawesome",
        "saveHtml": false,
        "saveJson": true,
        "consoleReporter": "spec",
        "useInlineDiffs": false,
        "code": true
      },
      "version": "6.2.1"
    },
    "marge": {
      "options": {
        "overwrite": false,
        "html": false,
        "json": true,
        "timestamp": "mm-dd-yyyy_HH:MM:ss"
      },
      "version": "5.1.0"
    }
  }
}
